# JRE version: Java(TM) SE Runtime Environment (8.0_202-b08) (build 1.8.0_202-b08)
# Java VM: Java HotSpot(TM) 64-Bit Server VM (25.202-b08 mixed mode windows-amd64 compressed oops)
Heap:
 PSYoungGen      total 163328K, used 39221K [0x000000076c300000, 0x000000077ac80000, 0x00000007c0000000)
  eden space 150528K, 26% used [0x000000076c300000,0x000000076e94d760,0x0000000775600000)
  from space 12800K, 0% used [0x0000000776380000,0x0000000776380000,0x0000000777000000)
  to   space 13824K, 0% used [0x0000000775600000,0x0000000775600000,0x0000000776380000)
 ParOldGen       total 133632K, used 14903K [0x00000006c4800000, 0x00000006cca80000, 0x000000076c300000)
  object space 133632K, 11% used [0x00000006c4800000,0x00000006c568df88,0x00000006cca80000)
 Metaspace       used 36161K, capacity 38052K, committed 38272K, reserved 1083392K
  class space    used 4361K, capacity 4726K, committed 4736K, reserved 1048576K
GC Heap History (10 events):
Event: 1.694 GC heap before
{Heap before GC invocations=4 (full 1):
 PSYoungGen      total 75264K, used 6933K [0x000000076c300000, 0x0000000775600000, 0x00000007c0000000)
  eden space 64512K, 0% used [0x000000076c300000,0x000000076c300000,0x0000000770200000)
  from space 10752K, 64% used [0x0000000770200000,0x00000007708c5538,0x0000000770c80000)
  to   space 10752K, 0% used [0x0000000774b80000,0x0000000774b80000,0x0000000775600000)
 ParOldGen       total 172032K, used 32K [0x00000006c4800000, 0x00000006cf000000, 0x000000076c300000)
  object space 172032K, 0% used [0x00000006c4800000,0x00000006c4808000,0x00000006cf000000)
 Metaspace       used 20260K, capacity 21084K, committed 21248K, reserved 1067008K
  class space    used 2516K, capacity 2714K, committed 2816K, reserved 1048576K
Event: 1.710 GC heap after
Heap after GC invocations=4 (full 1):
 PSYoungGen      total 75264K, used 0K [0x000000076c300000, 0x0000000775600000, 0x00000007c0000000)
  eden space 64512K, 0% used [0x000000076c300000,0x000000076c300000,0x0000000770200000)
  from space 10752K, 0% used [0x0000000770200000,0x0000000770200000,0x0000000770c80000)
  to   space 10752K, 0% used [0x0000000774b80000,0x0000000774b80000,0x0000000775600000)
 ParOldGen       total 96768K, used 6556K [0x00000006c4800000, 0x00000006ca680000, 0x000000076c300000)
  object space 96768K, 6% used [0x00000006c4800000,0x00000006c4e67180,0x00000006ca680000)
 Metaspace       used 20260K, capacity 21084K, committed 21248K, reserved 1067008K
  class space    used 2516K, capacity 2714K, committed 2816K, reserved 1048576K
}
Event: 2.290 GC heap before
{Heap before GC invocations=5 (full 1):
 PSYoungGen      total 75264K, used 64512K [0x000000076c300000, 0x0000000775600000, 0x00000007c0000000)
  eden space 64512K, 100% used [0x000000076c300000,0x0000000770200000,0x0000000770200000)
  from space 10752K, 0% used [0x0000000770200000,0x0000000770200000,0x0000000770c80000)
  to   space 10752K, 0% used [0x0000000774b80000,0x0000000774b80000,0x0000000775600000)
 ParOldGen       total 96768K, used 6556K [0x00000006c4800000, 0x00000006ca680000, 0x000000076c300000)
  object space 96768K, 6% used [0x00000006c4800000,0x00000006c4e67180,0x00000006ca680000)
 Metaspace       used 22598K, capacity 23628K, committed 23808K, reserved 1071104K
  class space    used 2785K, capacity 3036K, committed 3072K, reserved 1048576K
Event: 2.293 GC heap after
Heap after GC invocations=5 (full 1):
 PSYoungGen      total 107008K, used 5774K [0x000000076c300000, 0x0000000775180000, 0x00000007c0000000)
  eden space 100864K, 0% used [0x000000076c300000,0x000000076c300000,0x0000000772580000)
  from space 6144K, 93% used [0x0000000774b80000,0x0000000775123a20,0x0000000775180000)
  to   space 10752K, 0% used [0x0000000773c80000,0x0000000773c80000,0x0000000774700000)
 ParOldGen       total 96768K, used 6564K [0x00000006c4800000, 0x00000006ca680000, 0x000000076c300000)
  object space 96768K, 6% used [0x00000006c4800000,0x00000006c4e69180,0x00000006ca680000)
 Metaspace       used 22598K, capacity 23628K, committed 23808K, reserved 1071104K
  class space    used 2785K, capacity 3036K, committed 3072K, reserved 1048576K
}
Event: 4.496 GC heap before
{Heap before GC invocations=6 (full 1):
 PSYoungGen      total 107008K, used 106638K [0x000000076c300000, 0x0000000775180000, 0x00000007c0000000)
  eden space 100864K, 100% used [0x000000076c300000,0x0000000772580000,0x0000000772580000)
  from space 6144K, 93% used [0x0000000774b80000,0x0000000775123a20,0x0000000775180000)
  to   space 10752K, 0% used [0x0000000773c80000,0x0000000773c80000,0x0000000774700000)
 ParOldGen       total 96768K, used 6564K [0x00000006c4800000, 0x00000006ca680000, 0x000000076c300000)
  object space 96768K, 6% used [0x00000006c4800000,0x00000006c4e69180,0x00000006ca680000)
 Metaspace       used 29741K, capacity 30942K, committed 31232K, reserved 1077248K
  class space    used 3523K, capacity 3817K, committed 3840K, reserved 1048576K
Event: 4.501 GC heap after
Heap after GC invocations=6 (full 1):
 PSYoungGen      total 135168K, used 10748K [0x000000076c300000, 0x0000000777000000, 0x00000007c0000000)
  eden space 124416K, 0% used [0x000000076c300000,0x000000076c300000,0x0000000773c80000)
  from space 10752K, 99% used [0x0000000773c80000,0x00000007746ff208,0x0000000774700000)
  to   space 12800K, 0% used [0x0000000776380000,0x0000000776380000,0x0000000777000000)
 ParOldGen       total 96768K, used 7381K [0x00000006c4800000, 0x00000006ca680000, 0x000000076c300000)
  object space 96768K, 7% used [0x00000006c4800000,0x00000006c4f356d8,0x00000006ca680000)
 Metaspace       used 29741K, capacity 30942K, committed 31232K, reserved 1077248K
  class space    used 3523K, capacity 3817K, committed 3840K, reserved 1048576K
}
Event: 4.780 GC heap before
{Heap before GC invocations=7 (full 1):
 PSYoungGen      total 135168K, used 72918K [0x000000076c300000, 0x0000000777000000, 0x00000007c0000000)
  eden space 124416K, 49% used [0x000000076c300000,0x000000076ffb6668,0x0000000773c80000)
  from space 10752K, 99% used [0x0000000773c80000,0x00000007746ff208,0x0000000774700000)
  to   space 12800K, 0% used [0x0000000776380000,0x0000000776380000,0x0000000777000000)
 ParOldGen       total 96768K, used 7381K [0x00000006c4800000, 0x00000006ca680000, 0x000000076c300000)
  object space 96768K, 7% used [0x00000006c4800000,0x00000006c4f356d8,0x00000006ca680000)
 Metaspace       used 33938K, capacity 35298K, committed 35416K, reserved 1081344K
  class space    used 4068K, capacity 4345K, committed 4352K, reserved 1048576K
Event: 4.798 GC heap after
Heap after GC invocations=7 (full 1):
 PSYoungGen      total 163328K, used 11508K [0x000000076c300000, 0x000000077ac80000, 0x00000007c0000000)
  eden space 150528K, 0% used [0x000000076c300000,0x000000076c300000,0x0000000775600000)
  from space 12800K, 89% used [0x0000000776380000,0x0000000776ebd1f0,0x0000000777000000)
  to   space 13824K, 0% used [0x0000000775600000,0x0000000775600000,0x0000000776380000)
 ParOldGen       total 96768K, used 7389K [0x00000006c4800000, 0x00000006ca680000, 0x000000076c300000)
  object space 96768K, 7% used [0x00000006c4800000,0x00000006c4f376d8,0x00000006ca680000)
 Metaspace       used 33938K, capacity 35298K, committed 35416K, reserved 1081344K
  class space    used 4068K, capacity 4345K, committed 4352K, reserved 1048576K
}
Event: 4.798 GC heap before
{Heap before GC invocations=8 (full 2):
 PSYoungGen      total 163328K, used 11508K [0x000000076c300000, 0x000000077ac80000, 0x00000007c0000000)
  eden space 150528K, 0% used [0x000000076c300000,0x000000076c300000,0x0000000775600000)
  from space 12800K, 89% used [0x0000000776380000,0x0000000776ebd1f0,0x0000000777000000)
  to   space 13824K, 0% used [0x0000000775600000,0x0000000775600000,0x0000000776380000)
 ParOldGen       total 96768K, used 7389K [0x00000006c4800000, 0x00000006ca680000, 0x000000076c300000)
  object space 96768K, 7% used [0x00000006c4800000,0x00000006c4f376d8,0x00000006ca680000)
 Metaspace       used 33938K, capacity 35298K, committed 35416K, reserved 1081344K
  class space    used 4068K, capacity 4345K, committed 4352K, reserved 1048576K
Event: 4.829 GC heap after
Heap after GC invocations=8 (full 2):
 PSYoungGen      total 163328K, used 0K [0x000000076c300000, 0x000000077ac80000, 0x00000007c0000000)
  eden space 150528K, 0% used [0x000000076c300000,0x000000076c300000,0x0000000775600000)
  from space 12800K, 0% used [0x0000000776380000,0x0000000776380000,0x0000000777000000)
  to   space 13824K, 0% used [0x0000000775600000,0x0000000775600000,0x0000000776380000)
 ParOldGen       total 133632K, used 14903K [0x00000006c4800000, 0x00000006cca80000, 0x000000076c300000)
  object space 133632K, 11% used [0x00000006c4800000,0x00000006c568df88,0x00000006cca80000)
 Metaspace       used 33938K, capacity 35298K, committed 35416K, reserved 1081344K
  class space    used 4068K, capacity 4345K, committed 4352K, reserved 1048576K
}

